<?xml version="1.0" encoding="UTF-8" standalone="yes"?>
<ns2:test-suite start="1586792253427" stop="1586792269918" version="1.5.4" xmlns:ns2="urn:model.allure.qatools.yandex.ru">
    <name>Default Suite : rumahnem</name>
    <title>Default Suite : rumahnem</title>
    <test-cases>
        <test-case start="1586792263110" stop="1586792269912" status="failed">
            <name>login</name>
            <failure>
                <message>ElementNotFound: Element not found {a.header2[1]}
Expected: exist
Screenshot: file:/D:/develop/rumahnem/build/reports/tests/1586792269236.0.png
Page source: file:/D:/develop/rumahnem/build/reports/tests/1586792269236.0.html
Timeout: 3 s.
Caused by: support.ui.UnexpectedTagNameException: Element should have been "select" but was "a"</message>
                <stack-trace>Element not found {a.header2[1]}
Expected: exist
Screenshot: file:/D:/develop/rumahnem/build/reports/tests/1586792269236.0.png
Page source: file:/D:/develop/rumahnem/build/reports/tests/1586792269236.0.html
Timeout: 3 s.
Caused by: support.ui.UnexpectedTagNameException: Element should have been "select" but was "a"
	at com.codeborne.selenide.impl.WebElementSource.createElementNotFoundError(WebElementSource.java:37)
	at com.codeborne.selenide.impl.CollectionElement.createElementNotFoundError(CollectionElement.java:48)
	at com.codeborne.selenide.impl.SelenideElementProxy.dispatchAndRetry(SelenideElementProxy.java:131)
	at com.codeborne.selenide.impl.SelenideElementProxy.invoke(SelenideElementProxy.java:65)
	at com.sun.proxy.$Proxy5.getSelectedValue(Unknown Source)
	at Login.login(Login.java:24)
	at sun.reflect.NativeMethodAccessorImpl.invoke0(Native Method)
	at sun.reflect.NativeMethodAccessorImpl.invoke(NativeMethodAccessorImpl.java:62)
	at sun.reflect.DelegatingMethodAccessorImpl.invoke(DelegatingMethodAccessorImpl.java:43)
	at java.lang.reflect.Method.invoke(Method.java:498)
	at org.testng.internal.MethodInvocationHelper.invokeMethod(MethodInvocationHelper.java:124)
	at org.testng.internal.Invoker.invokeMethod(Invoker.java:583)
	at org.testng.internal.Invoker.invokeTestMethod(Invoker.java:719)
	at org.testng.internal.Invoker.invokeTestMethods(Invoker.java:989)
	at org.testng.internal.TestMethodWorker.invokeTestMethods(TestMethodWorker.java:125)
	at org.testng.internal.TestMethodWorker.run(TestMethodWorker.java:109)
	at org.testng.TestRunner.privateRun(TestRunner.java:648)
	at org.testng.TestRunner.run(TestRunner.java:505)
	at org.testng.SuiteRunner.runTest(SuiteRunner.java:455)
	at org.testng.SuiteRunner.runSequentially(SuiteRunner.java:450)
	at org.testng.SuiteRunner.privateRun(SuiteRunner.java:415)
	at org.testng.SuiteRunner.run(SuiteRunner.java:364)
	at org.testng.SuiteRunnerWorker.runSuite(SuiteRunnerWorker.java:52)
	at org.testng.SuiteRunnerWorker.run(SuiteRunnerWorker.java:84)
	at org.testng.TestNG.runSuitesSequentially(TestNG.java:1208)
	at org.testng.TestNG.runSuitesLocally(TestNG.java:1137)
	at org.testng.TestNG.runSuites(TestNG.java:1049)
	at org.testng.TestNG.run(TestNG.java:1017)
	at com.intellij.rt.testng.IDEARemoteTestNG.run(IDEARemoteTestNG.java:66)
	at com.intellij.rt.testng.RemoteTestNGStarter.main(RemoteTestNGStarter.java:110)
Caused by: org.openqa.selenium.support.ui.UnexpectedTagNameException: Element should have been "select" but was "a"
Build info: version: '3.141.59', revision: 'e82be7d358', time: '2018-11-14T08:17:03'
System info: host: 'MARK-ПК', ip: '192.168.0.12', os.name: 'Windows 7', os.arch: 'amd64', os.version: '6.1', java.version: '1.8.0_211'
Driver info: driver.version: unknown
	at org.openqa.selenium.support.ui.Select.&lt;init&gt;(Select.java:48)
	at com.codeborne.selenide.commands.GetSelectedOption.execute(GetSelectedOption.java:13)
	at com.codeborne.selenide.commands.GetSelectedOption.execute(GetSelectedOption.java:10)
	at com.codeborne.selenide.commands.GetSelectedValue.execute(GetSelectedValue.java:23)
	at com.codeborne.selenide.commands.GetSelectedValue.execute(GetSelectedValue.java:10)
	at com.codeborne.selenide.commands.Commands.execute(Commands.java:148)
	at com.codeborne.selenide.impl.SelenideElementProxy.dispatchAndRetry(SelenideElementProxy.java:99)
	... 27 more
</stack-trace>
            </failure>
            <steps/>
            <attachments/>
            <labels>
                <label name="testSuite" value="Default Suite"/>
                <label name="testGroup" value="rumahnem"/>
                <label name="testClass" value="Login"/>
                <label name="testMethod" value="login"/>
                <label name="host" value="mark-ПК"/>
                <label name="thread" value="1444@mark-ПК.main(1)"/>
            </labels>
        </test-case>
    </test-cases>
    <labels>
        <label name="framework" value="TestNG"/>
        <label name="language" value="JAVA"/>
    </labels>
</ns2:test-suite>
