<?xml version="1.0" encoding="UTF-8" standalone="yes"?>
<ns2:test-suite start="1586541199078" stop="1586541207290" version="1.5.4" xmlns:ns2="urn:model.allure.qatools.yandex.ru">
    <name>Default Suite : rumahnem</name>
    <title>Default Suite : rumahnem</title>
    <test-cases>
        <test-case start="1586541204268" stop="1586541207285" status="broken">
            <name>login</name>
            <failure>
                <message>IllegalStateException: Webdriver has been closed. You need to call open(url) to open a browser again.</message>
                <stack-trace>java.lang.IllegalStateException: Webdriver has been closed. You need to call open(url) to open a browser again.
	at com.codeborne.selenide.drivercommands.LazyDriver.getWebDriver(LazyDriver.java:64)
	at com.codeborne.selenide.impl.BySelectorCollection.getElements(BySelectorCollection.java:29)
	at com.codeborne.selenide.ElementsCollection.fetch(ElementsCollection.java:364)
	at com.codeborne.selenide.ElementsCollection.iterator(ElementsCollection.java:355)
	at Login.listGirls(Login.java:42)
	at Login.login(Login.java:29)
	at sun.reflect.NativeMethodAccessorImpl.invoke0(Native Method)
	at sun.reflect.NativeMethodAccessorImpl.invoke(NativeMethodAccessorImpl.java:62)
	at sun.reflect.DelegatingMethodAccessorImpl.invoke(DelegatingMethodAccessorImpl.java:43)
	at java.lang.reflect.Method.invoke(Method.java:498)
	at org.testng.internal.MethodInvocationHelper.invokeMethod(MethodInvocationHelper.java:124)
	at org.testng.internal.Invoker.invokeMethod(Invoker.java:583)
	at org.testng.internal.Invoker.invokeTestMethod(Invoker.java:719)
	at org.testng.internal.Invoker.invokeTestMethods(Invoker.java:989)
	at org.testng.internal.TestMethodWorker.invokeTestMethods(TestMethodWorker.java:125)
	at org.testng.internal.TestMethodWorker.run(TestMethodWorker.java:109)
	at org.testng.TestRunner.privateRun(TestRunner.java:648)
	at org.testng.TestRunner.run(TestRunner.java:505)
	at org.testng.SuiteRunner.runTest(SuiteRunner.java:455)
	at org.testng.SuiteRunner.runSequentially(SuiteRunner.java:450)
	at org.testng.SuiteRunner.privateRun(SuiteRunner.java:415)
	at org.testng.SuiteRunner.run(SuiteRunner.java:364)
	at org.testng.SuiteRunnerWorker.runSuite(SuiteRunnerWorker.java:52)
	at org.testng.SuiteRunnerWorker.run(SuiteRunnerWorker.java:84)
	at org.testng.TestNG.runSuitesSequentially(TestNG.java:1208)
	at org.testng.TestNG.runSuitesLocally(TestNG.java:1137)
	at org.testng.TestNG.runSuites(TestNG.java:1049)
	at org.testng.TestNG.run(TestNG.java:1017)
	at com.intellij.rt.testng.IDEARemoteTestNG.run(IDEARemoteTestNG.java:66)
	at com.intellij.rt.testng.RemoteTestNGStarter.main(RemoteTestNGStarter.java:110)
</stack-trace>
            </failure>
            <steps/>
            <attachments/>
            <labels>
                <label name="testSuite" value="Default Suite"/>
                <label name="testGroup" value="rumahnem"/>
                <label name="testClass" value="Login"/>
                <label name="testMethod" value="login"/>
                <label name="host" value="mark-ПК"/>
                <label name="thread" value="5196@mark-ПК.main(1)"/>
            </labels>
        </test-case>
    </test-cases>
    <labels>
        <label name="framework" value="TestNG"/>
        <label name="language" value="JAVA"/>
    </labels>
</ns2:test-suite>
